('formal', 4.828174198766538)
('in', 4.314277829634849)
('udemy', 3.8397806309260614)
('nail', 3.52684821275989)
('ctr', 3.1741633914839014)
('photography', 3.011977348240636)
('pct', 3.011977348240636)
('learns', 2.8761852197565663)
('grad', 2.8761852197565663)
('yesphx', 2.8761852197565663)
('independent', 2.8761852197565663)
('xavpd', 2.8761852197565663)
('inspiration', 2.8761852197565663)
('edmodo', 2.8761852197565663)
('seven', 2.8761852197565663)
('prepped', 2.8761852197565663)
('bethereorbesquare', 2.8761852197565663)
('fincyte', 2.8761852197565663)
('skill', 2.7984925736175894)
('edu', 2.673058204085754)
('anatomy', 2.645136159569917)
('compulsory', 2.645136159569917)
('lens', 2.645136159569917)
('affiliate', 2.619645647035945)
('bugtraq', 2.530388226510261)
('concrete', 2.509981123533863)
('nurse', 2.509981123533863)
('blow', 2.509981123533863)
('everyday', 2.509981123533863)
('formallearning', 2.4653016169341995)
('react', 2.4653016169341995)
('redux', 2.4653016169341995)
('fieldbus', 2.4653016169341995)
('flipgrid', 2.4653016169341995)
('powerpoint', 2.4653016169341995)
('trip', 2.414087099383269)
('pilot', 2.414087099383269)
('visuals', 2.414087099383269)
('literacy', 2.414087099383269)
('bee', 2.3532424525280997)
('sap', 2.3532424525280997)
('nova', 2.3532424525280997)
('stats', 2.339705915611866)
('achieve', 2.339705915611866)
('service', 2.329131872858788)
('mooc', 2.318136926085393)
('altairvr', 2.2789320633472143)
('fact', 2.2789320633472143)
('flipped', 2.2789320633472143)
('parenting', 2.2736466720413033)
('hapara', 2.2672595653456433)
('singapore', 2.2672595653456433)
('hacking', 2.2672595653456433)
('clou', 2.2589830111804767)
('cust', 2.2589830111804767)
('mlearning', 2.253129354286283)
('data', 2.2427104664390827)
('succeed', 2.227548503404795)
('recording', 2.227548503404795)
('stuff', 2.227548503404795)
('kudos', 2.227548503404795)
('ipad', 2.220189546812808)
('simulation', 2.183038039196621)
('geek', 2.183038039196621)
('podcast', 2.183038039196621)
('spanish', 2.183038039196621)
('elearni', 2.183038039196621)
('scale', 2.183038039196621)
('traxionico', 2.183038039196621)
('traxion', 2.159655952968798)
('eye', 2.1571389148174247)
('altair', 2.1571389148174247)
('practitioner', 2.1571389148174247)
('salesenablement', 2.1571389148174247)
('flower', 2.1571389148174247)
('icoinvestment', 2.1571389148174247)
('throw', 2.1571389148174247)
('east', 2.1571389148174247)
('coast', 2.1571389148174247)
('vr2learning', 2.1571389148174247)
('lifesciences', 2.1571389148174247)
('medtech', 2.1571389148174247)
('akoalways', 2.1571389148174247)
('pedag', 2.1571389148174247)
('som', 2.1571389148174247)
('teachingtools', 2.1571389148174247)
('vmware', 2.1571389148174247)
('takeout', 2.1571389148174247)
('upgrade', 2.1571389148174247)
('disc', 2.1571389148174247)
('healthcaretraining', 2.1571389148174247)
('rfp', 2.1571389148174247)
('alliance', 2.1571389148174247)
('axon', 2.1571389148174247)
('exemplification', 2.1571389148174247)
('kotlin', 2.1571389148174247)
('meaning', 2.1571389148174247)
('botanic', 2.1571389148174247)
('garden', 2.1571389148174247)
('composite', 2.1571389148174247)
('memo', 2.1571389148174247)
('resouce', 2.1571389148174247)
('unlocktheedtechbox', 2.1571389148174247)
('ict', 2.1571389148174247)
('appreciat', 2.1571389148174247)
('sa', 2.1571389148174247)
('ultrasound', 2.1571389148174247)
('radiography', 2.1571389148174247)
('radiology', 2.1571389148174247)
('apprenticeship', 2.1571389148174247)
('resolution', 2.1571389148174247)
('aa', 2.1571389148174247)
('duolingo', 2.1571389148174247)
('genderequality', 2.1571389148174247)
('corporateresponsibility', 2.1571389148174247)
('ob', 2.1571389148174247)
('lea', 2.1518189630150752)
('distribution', 2.151412391600454)
('app', 2.150416177125203)
('compliance', 2.1437770273111596)
('skillshare', 2.1437770273111596)
('voice', 2.1123087696433904)
('utilize', 2.108656855425217)
('earn', 2.108656855425217)
('informal', 2.108656855425217)
('provider', 2.0768867954904424)
('vlog', 2.0692175137570876)
('tra', 2.0692175137570876)
('golf', 2.0692175137570876)
('book', 2.066525644071162)
('cool', 2.0478830031605657)
('reading', 2.0478830031605657)
('elear', 2.0212021006027205)
('syss', 1.9964994432181467)
('ilias', 1.9964994432181467)
('reflected', 1.9964994432181467)
('per', 1.9912051521391614)
('comparables', 1.9838521196774381)
('eoy', 1.9838521196774381)
('air', 1.9838521196774381)
('installed', 1.9838521196774381)
('satchat', 1.9838521196774381)
('essay', 1.9838521196774381)
('dissertation', 1.9838521196774381)
('reconsider', 1.9838521196774381)
('baltimore', 1.9838521196774381)
('rock', 1.9838521196774381)
('fad', 1.9838521196774381)
('cndidates', 1.9838521196774381)
('talked', 1.9838521196774381)
('thx', 1.9838521196774381)
('recommendation', 1.9838521196774381)
('altedchat', 1.9838521196774381)
('captivate', 1.9838521196774381)
('instructionaldesign', 1.9735018193891627)
('importance', 1.9735018193891627)
('keep', 1.9735018193891627)
('design', 1.9652161677579203)
('distance', 1.953370340011898)
('ico', 1.9519889790099723)
('higher', 1.9317807717378273)
('adult', 1.9317807717378273)
('positiv', 1.917456813171044)
('maine', 1.917456813171044)
('pneumatics', 1.917456813171044)
('gift', 1.917456813171044)
('huntsville', 1.917456813171044)
('flippedlearnin', 1.917456813171044)
('inves', 1.917456813171044)
('dna', 1.917456813171044)
('sys', 1.917456813171044)
('traini', 1.917456813171044)
('math', 1.912727967124511)
('remember', 1.8947055600344191)
('xapi', 1.8824858426503972)
('blackboard', 1.8824858426503972)
('acuedu_p', 1.8824858426503972)
('librarian', 1.8824858426503972)
('alongside', 1.8824858426503972)
('le', 1.8824858426503972)
('graphic', 1.8824858426503972)
('gradual', 1.8824858426503972)
('blood', 1.8824858426503972)
('w2wzyt8zm5', 1.8824858426503972)
('smallb', 1.8824858426503972)
('miyens', 1.8824858426503972)
('onboarding', 1.8824858426503972)
('artic', 1.8824858426503972)
('basic', 1.877607795238569)
('assessment', 1.877607795238569)
('des2018', 1.877607795238569)
('acquire', 1.8645807791022662)
('monday', 1.8613444071820917)
('morning', 1.8613444071820917)
('reality', 1.8458377353037938)
('ele', 1.8375231662667082)
('drive', 1.8204072861455918)
('blend', 1.8105653245374518)
('bri', 1.8105653245374518)
('spark', 1.8105653245374518)
('healthcarecompliance', 1.8105653245374518)
('homework', 1.8105653245374518)
('kfc', 1.8105653245374518)
('getting', 1.8032266114671658)
('robot', 1.7971503024885005)
('try', 1.790153040416072)
('click', 1.7801886818489505)
('end', 1.7775729310884563)
('would', 1.7775729310884563)
('assist', 1.763424106379945)
('wtt', 1.763424106379945)
('ppl', 1.763424106379945)
('reg', 1.763424106379945)
('chatbot', 1.7547794367088994)
('interactivity', 1.7547794367088994)
('sharing', 1.7547794367088994)
('search', 1.7537532764277413)
('mind', 1.7537532764277413)
('infographic', 1.7537532764277413)
('blended', 1.743446051383519)
('croatian', 1.7257111318539398)
('zte', 1.7257111318539398)
('calcul', 1.7257111318539398)
('sears', 1.7257111318539398)
('curiosity', 1.7257111318539398)
('emotion', 1.7257111318539398)
('worldchampionchessprogramcalledstockfish', 1.7257111318539398)
('walmart_', 1.7257111318539398)
('_ranking_expert_at_here', 1.7257111318539398)
('gmail', 1.7257111318539398)
('smal', 1.7257111318539398)
('readingwithatwist', 1.7257111318539398)
('teamenglish', 1.7257111318539398)
('tide', 1.7257111318539398)
('lived', 1.7257111318539398)
('ghent', 1.7257111318539398)
('unfortunate', 1.7257111318539398)
('dynos', 1.7257111318539398)
('clearboarding', 1.7257111318539398)
('ice', 1.7257111318539398)
('capi', 1.7257111318539398)
('rhode', 1.7257111318539398)
('island', 1.7257111318539398)
('covenant', 1.7257111318539398)
('helloworld', 1.7257111318539398)
('technolog', 1.7257111318539398)
('april', 1.7257111318539398)
('lincchat', 1.7257111318539398)
('wemark', 1.7257111318539398)
('stockphotography', 1.7257111318539398)
('disturbing', 1.7257111318539398)
('compliancetraining', 1.7257111318539398)
('outsour', 1.7257111318539398)
('offtheshelf', 1.7257111318539398)
('provided', 1.7257111318539398)
('trainingexperts', 1.7257111318539398)
('inspiring', 1.7257111318539398)
('matin', 1.7257111318539398)
('sorti', 1.7257111318539398)
('presse', 1.7257111318539398)
('ethic', 1.7257111318539398)
('stc18', 1.7257111318539398)
('publicschools', 1.7257111318539398)
('auspol', 1.7257111318539398)
('holistic', 1.7257111318539398)
('arm', 1.7257111318539398)
('nearsightedness', 1.7257111318539398)
('defense', 1.7257111318539398)
('nwl', 1.7257111318539398)
('sltchat', 1.7257111318539398)
('password', 1.7257111318539398)
('item', 1.7257111318539398)
('lady', 1.7257111318539398)
('bros', 1.7257111318539398)
('persuasion', 1.7257111318539398)
('ecm', 1.7257111318539398)
('crushit', 1.7257111318539398)
('loo', 1.7257111318539398)
('attitude', 1.7257111318539398)
('womenwithwits', 1.7257111318539398)
('cyberhate', 1.7257111318539398)
('trolling', 1.7257111318539398)
('mess', 1.7257111318539398)
('matter', 1.7257111318539398)
('emociones', 1.7257111318539398)
('duelo', 1.7257111318539398)
('mashups', 1.7257111318539398)
('libchat', 1.7257111318539398)
('adviser', 1.7257111318539398)
('4t2018', 1.7257111318539398)
('science', 1.7209399188233239)
('another', 1.7106826992677393)
('level', 1.7106826992677393)
('kit', 1.7091990475104109)
('agree', 1.7091990475104109)
('winner', 1.7091990475104109)
('automation', 1.7091990475104109)
('element', 1.7091990475104109)
('whitepaper', 1.7091990475104109)
('volunteer', 1.7091990475104109)
('useful', 1.7091990475104109)
('leader', 1.7007317115511786)
('someone', 1.6915729880478536)
('available', 1.6816789069378626)
('making', 1.6816789069378626)
('code', 1.6752099664638826)
('lynn', 1.6733207490225752)
('slid', 1.6733207490225752)
('millennials', 1.6733207490225752)
('shoppable', 1.6733207490225752)
('include', 1.6733207490225752)
('comp', 1.6733207490225752)
('sci', 1.6733207490225752)
('robotic', 1.6725459155418245)
('grid', 1.6706613775535961)
('maintenance', 1.6706613775535961)
('awareness', 1.6706613775535961)
('adobe', 1.6706613775535961)
('gamification', 1.6636564998477708)
('mobile', 1.6394811146781523)
('visit', 1.6383278641884633)
('mike', 1.6372785293974657)
('freerick', 1.6372785293974657)
('cryp', 1.6372785293974657)
('bootcamp', 1.6372785293974657)
('alternative', 1.6372785293974657)
('mentalhealth', 1.6372785293974657)
('existential', 1.6372785293974657)
('hrtech', 1.6372785293974657)
('train', 1.6372785293974657)
('weekly', 1.6372785293974657)
('summer', 1.622451847858712)
('pas', 1.609391399588846)
('injector', 1.609391399588846)
('icce', 1.609391399588846)
('minecraft', 1.609391399588846)
('creative', 1.6078327704833697)
('educacin', 1.6078327704833697)
('flip', 1.6078327704833697)
('engage', 1.6078327704833697)
('edch', 1.6078327704833697)
('privacy', 1.6078327704833697)
('news', 1.5999714209268676)
('floored', 1.5870816957419507)
('chosen', 1.5870816957419507)
('cha', 1.5870816957419507)
('breathing', 1.5870816957419507)
('properly', 1.5870816957419507)
('leaving', 1.5870816957419507)
('mieexpert', 1.5870816957419507)
('loving', 1.5870816957419507)
('shifting', 1.5870816957419507)
('rehab', 1.5870816957419507)
('mix', 1.5870816957419507)
('joomlalms', 1.5870816957419507)
('redessociales', 1.5870816957419507)
('summary', 1.5870816957419507)
('learningsolutions', 1.5870816957419507)
('takeaway', 1.5870816957419507)
('tcp', 1.5870816957419507)
('frontier', 1.5870816957419507)
('abuse', 1.5870816957419507)
('constructivism', 1.5870816957419507)
('peruse', 1.5870816957419507)
('reba', 1.5870816957419507)
('threatmeter', 1.5870816957419507)
('swear', 1.5870816957419507)
('esri', 1.5870816957419507)
('reduce', 1.5870816957419507)
('liked', 1.5870816957419507)
('nasogastric', 1.5870816957419507)
('vygon', 1.5870816957419507)
('ltd', 1.5870816957419507)
('bangle', 1.5870816957419507)
('smoking', 1.5870816957419507)
('acceleration', 1.5870816957419507)
('trai', 1.5870816957419507)
('developer', 1.5821466302603948)
('augmented', 1.581492641568913)
('attending', 1.581492641568913)
('material', 1.581492641568913)
('see', 1.5789117870530238)
('concept', 1.5789117870530238)
('niels', 1.5688283016853999)
('mast', 1.5688283016853999)
('flood', 1.5688283016853999)
('profess', 1.5688283016853999)
('asthm', 1.5688283016853999)
('wco', 1.5688283016853999)
('es', 1.5688283016853999)
('joi', 1.5688283016853999)
('taiwan', 1.5688283016853999)
('baker', 1.5688283016853999)
('insider', 1.5688283016853999)
('pd', 1.5688283016853999)
('knowledge', 1.5649592458291453)
('cryptocu', 1.5598039437412439)
('score', 1.5598039437412439)
('onlinecourse', 1.5598039437412439)
('epilepsy', 1.5598039437412439)
('coach', 1.5598039437412439)
('discovery', 1.5598039437412439)
('two', 1.5576650966178318)
('friend', 1.5576650966178318)
('tweet', 1.5576650966178318)
('got', 1.5576650966178318)
('involved', 1.5576650966178318)
('google', 1.5527545819058588)
('challenge', 1.5465238709018077)
('aws', 1.544192372580297)
('ireland', 1.5359122523704245)
('note', 1.5359122523704245)
('safety', 1.5359122523704245)
('money', 1.5359122523704245)
('together', 1.5359122523704245)
('video', 1.5240778004256983)
('manage', 1.5192880422314763)
('hope', 1.5159015754520404)
('understand', 1.5159015754520404)
('serious', 1.5159015754520404)
('julia', 1.5159015754520404)
('lm', 1.5132431854555697)
('water', 1.505988674120318)
('least', 1.505988674120318)
('techteacher', 1.505988674120318)
('switching', 1.505988674120318)
('boldschool', 1.505988674120318)
('vet', 1.505988674120318)
('ole', 1.505988674120318)
('improves', 1.505988674120318)
('dangerous', 1.505988674120318)
('table', 1.505988674120318)
('welcome', 1.505988674120318)
('webd', 1.505988674120318)
('enroll', 1.505988674120318)
('definitely', 1.505988674120318)
('smartneighborhood', 1.505988674120318)
('waterfront', 1.505988674120318)
('thrive', 1.505988674120318)
('harken', 1.505988674120318)
('battcar', 1.505988674120318)
('est', 1.505988674120318)
('asthma', 1.505988674120318)
('digitalhealth', 1.505988674120318)
('ebola', 1.505988674120318)
('loop', 1.505988674120318)
('headache', 1.505988674120318)
('revise', 1.505988674120318)
('trade', 1.505988674120318)
('revolution', 1.505988674120318)
('college', 1.49737458241361)
('implementing', 1.49737458241361)
('taking', 1.49737458241361)
('vid', 1.49737458241361)
('panel', 1.49737458241361)
('workshop', 1.49737458241361)
('learning', 1.4934732209889308)
('teaching', 1.4898908586366755)
('day', 1.4869187119341116)
('microlearning', 1.4850323356031965)
('store', 1.4850323356031965)
('homeschool', 1.4850323356031965)
('javascript', 1.480126364541872)
('talent', 1.480126364541872)
('updated', 1.480126364541872)
('staff', 1.480126364541872)
('quote', 1.480126364541872)
('style', 1.480126364541872)
('good', 1.479633639081091)
('stem', 1.4746210132929107)
('amazing', 1.4696826513645305)
('innovation', 1.4696826513645305)
('voiceover', 1.466299456515205)
('today', 1.464816384890813)
('reason', 1.4639917342574793)
('bad', 1.455358692797747)
('mentor', 1.455358692797747)
('building', 1.4488355788033704)
('copy', 1.4488355788033704)
('browse', 1.4484522596299616)
('legacy', 1.4484522596299616)
('com', 1.4484522596299616)
('continues', 1.4484522596299616)
('html', 1.4484522596299616)
('container', 1.4484522596299616)
('webcast', 1.4484522596299616)
('suggest', 1.4484522596299616)
('writing', 1.4484522596299616)
('digest', 1.4484522596299616)
('law', 1.4484522596299616)
('president', 1.4484522596299616)
('gloo', 1.4484522596299616)
('siu', 1.4428015415835913)
('grea', 1.4428015415835913)
('mouse', 1.4428015415835913)
('ten', 1.4428015415835913)
('coin', 1.4428015415835913)
('traffic', 1.4428015415835913)
('learni', 1.4428015415835913)
('identity', 1.4428015415835913)
