('goal', 8.68946441235669)
('favourit', 7.996317231796746)
('spirit', 7.996317231796746)
('congrat', 7.080026499922591)
('nice', 6.492239835020471)
('web', 6.386879319362645)
('podcast', 6.386879319362645)
('wonder', 6.29156913955832)
('tweet', 6.20455776256869)
('cool', 6.050407082741432)
('congratul', 5.799092654460526)
('min', 5.799092654460526)
('link', 5.5539701964275405)
('post', 5.078546499712466)
('avail', 5.025902766227044)
('opportun', 4.59511985013459)
('good', 4.4847717929657245)
('mine', 4.344732206178345)
('switzerland', 4.344732206178345)
('masha', 4.344732206178345)
('klaxon', 4.344732206178345)
('control', 4.135587520756149)
('infect', 3.998158615898373)
('dementia', 3.7954260618442905)
('great', 3.7694834865285656)
('inde', 3.6515850256184)
('thank', 3.5714705999399357)
('nail', 3.553918769687442)
('trip', 3.5400132499612953)
('guy', 3.5400132499612953)
('replac', 3.371777131650689)
('soon', 3.3050114353384275)
('ctr', 3.1985268927186983)
('super', 3.1934396596813226)
('keynot', 3.14578456977916)
('awar', 3.14578456977916)
('formal', 3.1299300219586286)
('photographi', 3.0363408494754327)
('pct', 3.0363408494754327)
('africa', 2.9907071056272403)
('workshop', 2.9907071056272403)
('note', 2.9584378450584548)
('consid', 2.9584378450584548)
('in', 2.8964881374522298)
('grad', 2.8964881374522298)
('yesphx', 2.8964881374522298)
('independ', 2.8964881374522298)
('xavpd', 2.8964881374522298)
('edmodo', 2.8964881374522298)
('seven', 2.8964881374522298)
('bethereorbesquar', 2.8964881374522298)
('fincyt', 2.8964881374522298)
('report', 2.872512716595125)
('skill', 2.8390984090089177)
('edu', 2.697421705320551)
('anatomi', 2.6654390772655816)
('compulsori', 2.6654390772655816)
('lens', 2.6654390772655816)
('affili', 2.644009148270742)
('love', 2.6277386039357724)
('bugtraq', 2.5547517277450584)
('concret', 2.530284041229527)
('everyday', 2.530284041229527)
('idea', 2.4879461728261916)
('formallearn', 2.4827041178161973)
('react', 2.4827041178161973)
('redux', 2.4827041178161973)
('fieldbu', 2.4827041178161973)
('flipgrid', 2.4827041178161973)
('powerpoint', 2.4827041178161973)
('pilot', 2.4343900170789334)
('literaci', 2.4343900170789334)
('book', 2.4091317007243997)
('bee', 2.3698539306427335)
('sap', 2.3698539306427335)
('stat', 2.36000883330753)
('servic', 2.3595862494022843)
('find', 2.34106561356211)
('altairvr', 2.2992349810428783)
('fact', 2.2992349810428783)
('blow', 2.2992349810428783)
('drone', 2.28929527409169)
('hapara', 2.2846620662276416)
('singapor', 2.2846620662276416)
('clou', 2.2772556371065744)
('cust', 2.2772556371065744)
('data', 2.273164842982579)
('mooc', 2.257976789853307)
('mlearn', 2.257976789853307)
('succeed', 2.247851421100459)
('stuff', 2.247851421100459)
('visual', 2.247851421100459)
('kudo', 2.247851421100459)
('amaz', 2.2276789538797157)
('nurs', 2.203340956892285)
('simul', 2.203340956892285)
('geek', 2.203340956892285)
('spanish', 2.203340956892285)
('scale', 2.203340956892285)
('traxionico', 2.203340956892285)
('traxion', 2.197224577336219)
('ipad', 2.1960941506126783)
('lea', 2.174659745422697)
('eye', 2.1723661030891726)
('altair', 2.1723661030891726)
('practition', 2.1723661030891726)
('salesenabl', 2.1723661030891726)
('flower', 2.1723661030891726)
('icoinvest', 2.1723661030891726)
('throw', 2.1723661030891726)
('east', 2.1723661030891726)
('coast', 2.1723661030891726)
('vr2learn', 2.1723661030891726)
('lifesci', 2.1723661030891726)
('medtech', 2.1723661030891726)
('akoalway', 2.1723661030891726)
('pedag', 2.1723661030891726)
('som', 2.1723661030891726)
('teachingtool', 2.1723661030891726)
('vmware', 2.1723661030891726)
('takeout', 2.1723661030891726)
('disc', 2.1723661030891726)
('healthcaretrain', 2.1723661030891726)
('rfp', 2.1723661030891726)
('allianc', 2.1723661030891726)
('axon', 2.1723661030891726)
('exemplif', 2.1723661030891726)
('kotlin', 2.1723661030891726)
('botan', 2.1723661030891726)
('garden', 2.1723661030891726)
('memo', 2.1723661030891726)
('resouc', 2.1723661030891726)
('unlocktheedtechbox', 2.1723661030891726)
('ict', 2.1723661030891726)
('sa', 2.1723661030891726)
('ultrasound', 2.1723661030891726)
('radiographi', 2.1723661030891726)
('radiolog', 2.1723661030891726)
('apprenticeship', 2.1723661030891726)
('resolut', 2.1723661030891726)
('aa', 2.1723661030891726)
('duolingo', 2.1723661030891726)
('genderequ', 2.1723661030891726)
('corporaterespons', 2.1723661030891726)
('ob', 2.1723661030891726)
('complianc', 2.1640799450068235)
('skillshar', 2.1640799450068235)
('voic', 2.135149552051012)
('util', 2.1289597731208816)
('earn', 2.1289597731208816)
('know', 2.1117781468510537)
('token', 2.1117781468510537)
('come', 2.0948273710132126)
('vlog', 2.086620014639086)
('tra', 2.086620014639086)
('golf', 2.086620014639086)
('parent', 2.077182740356084)
('udemi', 2.06818592085623)
('elear', 2.0415050182983845)
('prep', 2.0415050182983845)
('hack', 2.0228647142635974)
('teacher', 2.0177520310995836)
('syss', 2.0168023609138106)
('ilia', 2.0168023609138106)
('per', 2.005261018236159)
('compar', 1.9990793079491864)
('eoy', 1.9990793079491864)
('air', 1.9990793079491864)
('satchat', 1.9990793079491864)
('essay', 1.9990793079491864)
('dissert', 1.9990793079491864)
('reconsid', 1.9990793079491864)
('baltimor', 1.9990793079491864)
('fad', 1.9990793079491864)
('cndidat', 1.9990793079491864)
('thx', 1.9990793079491864)
('altedchat', 1.9990793079491864)
('captiv', 1.9990793079491864)
('achiev', 1.9938047370848269)
('flip', 1.9938047370848269)
('keep', 1.9938047370848269)
('interest', 1.9810382968221751)
('distribut', 1.9707728408938958)
('distanc', 1.9707728408938958)
('ico', 1.9520836894334916)
('adult', 1.9520836894334916)
('reflect', 1.9520836894334916)
('app', 1.9484270082707817)
('take', 1.9386400284921366)
('math', 1.9330308848201752)
('pneumat', 1.93099209163482)
('gift', 1.93099209163482)
('huntsvil', 1.93099209163482)
('dna', 1.93099209163482)
('record', 1.9150084777300833)
('instructionaldesign', 1.9150084777300833)
('basic', 1.8979107129342332)
('assess', 1.8979107129342332)
('rememb', 1.8979107129342332)
('des2018', 1.8979107129342332)
('xapi', 1.8977130309221453)
('blackboard', 1.8977130309221453)
('acuedu_p', 1.8977130309221453)
('librarian', 1.8977130309221453)
('upgrad', 1.8977130309221453)
('alongsid', 1.8977130309221453)
('graphic', 1.8977130309221453)
('gradual', 1.8977130309221453)
('blood', 1.8977130309221453)
('rock', 1.8977130309221453)
('w2wzyt8zm5', 1.8977130309221453)
('smallb', 1.8977130309221453)
('miyen', 1.8977130309221453)
('onboard', 1.8977130309221453)
('artic', 1.8977130309221453)
('recommend', 1.8977130309221453)
('monday', 1.8816473248777559)
('morn', 1.8816473248777559)
('look', 1.859825556390345)
('ele', 1.854925667148706)
('drive', 1.838047940053836)
('bri', 1.8257925128092)
('spark', 1.8257925128092)
('healthcarecompli', 1.8257925128092)
('homework', 1.8257925128092)
('kfc', 1.8257925128092)
('composit', 1.8257925128092)
('appreci', 1.8257925128092)
('curat', 1.8248226626750415)
('end', 1.7978758487841207)
('would', 1.7978758487841207)
('help', 1.7978571057749642)
('wtt', 1.776959384843721)
('ppl', 1.776959384843721)
('sy', 1.776959384843721)
('reg', 1.776959384843721)
('search', 1.7740561941234054)
('mind', 1.7740561941234054)
('acquir', 1.770610864096492)
('udemyd', 1.7700066249806476)
('robot', 1.7688596493530473)
('blend', 1.7538404310323028)
('tri', 1.7518257359571816)
('infograph', 1.7518257359571816)
('scienc', 1.741242836518988)
('croatian', 1.7378928824713382)
('zte', 1.7378928824713382)
('sear', 1.7378928824713382)
('curios', 1.7378928824713382)
('worldchampionchessprogramcalledstockfish', 1.7378928824713382)
('walmart_', 1.7378928824713382)
('_ranking_expert_at_her', 1.7378928824713382)
('gmail', 1.7378928824713382)
('smal', 1.7378928824713382)
('readingwithatwist', 1.7378928824713382)
('teamenglish', 1.7378928824713382)
('tide', 1.7378928824713382)
('medium', 1.7378928824713382)
('ghent', 1.7378928824713382)
('dyno', 1.7378928824713382)
('clearboard', 1.7378928824713382)
('ice', 1.7378928824713382)
('capi', 1.7378928824713382)
('rhode', 1.7378928824713382)
('island', 1.7378928824713382)
('coven', 1.7378928824713382)
('helloworld', 1.7378928824713382)
('april', 1.7378928824713382)
('lincchat', 1.7378928824713382)
('wemark', 1.7378928824713382)
('stockphotographi', 1.7378928824713382)
('disturb', 1.7378928824713382)
('compliancetrain', 1.7378928824713382)
('outsour', 1.7378928824713382)
('offtheshelf', 1.7378928824713382)
('trainingexpert', 1.7378928824713382)
('matin', 1.7378928824713382)
('sorti', 1.7378928824713382)
('stc18', 1.7378928824713382)
('publicschool', 1.7378928824713382)
('auspol', 1.7378928824713382)
('holist', 1.7378928824713382)
('arm', 1.7378928824713382)
('nearsighted', 1.7378928824713382)
('defens', 1.7378928824713382)
('nwl', 1.7378928824713382)
('sltchat', 1.7378928824713382)
('password', 1.7378928824713382)
('item', 1.7378928824713382)
('ladi', 1.7378928824713382)
('bro', 1.7378928824713382)
('persuas', 1.7378928824713382)
('ecm', 1.7378928824713382)
('crushit', 1.7378928824713382)
('loo', 1.7378928824713382)
('on', 1.7378928824713382)
('attitud', 1.7378928824713382)
('womenwithwit', 1.7378928824713382)
('cyberh', 1.7378928824713382)
('troll', 1.7378928824713382)
('mess', 1.7378928824713382)
('matter', 1.7378928824713382)
('emocion', 1.7378928824713382)
('duelo', 1.7378928824713382)
('mashup', 1.7378928824713382)
('libchat', 1.7378928824713382)
('advis', 1.7378928824713382)
('4t2018', 1.7378928824713382)
('anoth', 1.7309856169634035)
('level', 1.7309856169634035)
('click', 1.7286877379261234)
('kit', 1.724426235782159)
('winner', 1.724426235782159)
('element', 1.724426235782159)
('whitepap', 1.724426235782159)
('leader', 1.721034629246843)
('someon', 1.7089754889298514)
('code', 1.7019818246335268)
('lynn', 1.6868560274863513)
('slid', 1.6868560274863513)
('shoppabl', 1.6868560274863513)
('comp', 1.6868560274863513)
('sci', 1.6868560274863513)
('grid', 1.6858885658253444)
('mainten', 1.6858885658253444)
('chatbot', 1.6858885658253444)
('adob', 1.6858885658253444)
('lead', 1.6839594175434347)
('gamif', 1.6839594175434347)
('inform', 1.6839594175434347)
('design', 1.6758603939622119)
('make', 1.658221220036423)
('mike', 1.6525057176692137)
('freerick', 1.6525057176692137)
('cryp', 1.6525057176692137)
('bootcamp', 1.6525057176692137)
('autom', 1.6525057176692137)
('altern', 1.6525057176692137)
('mentalhealth', 1.6525057176692137)
('existenti', 1.6525057176692137)
('hrtech', 1.6525057176692137)
('volunt', 1.6525057176692137)
('weekli', 1.6525057176692137)
('summer', 1.642754765554376)
('educacin', 1.6230599587551178)
('instal', 1.6230599587551178)
('edch', 1.6230599587551178)
('privaci', 1.6230599587551178)
('millenni', 1.6229266780526221)
('pass', 1.6229266780526221)
('injector', 1.6229266780526221)
('icc', 1.6229266780526221)
('minecraft', 1.6229266780526221)
('news', 1.6202743386225316)
('mobil', 1.5995491311423928)
('floor', 1.5992634463593491)
('chosen', 1.5992634463593491)
('cha', 1.5992634463593491)
('breath', 1.5992634463593491)
('properli', 1.5992634463593491)
('mieexpert', 1.5992634463593491)
('rehab', 1.5992634463593491)
('unfortun', 1.5992634463593491)
('joomlalm', 1.5992634463593491)
('redessocial', 1.5992634463593491)
('summari', 1.5992634463593491)
('learningsolut', 1.5992634463593491)
('takeaway', 1.5992634463593491)
('tcp', 1.5992634463593491)
('frontier', 1.5992634463593491)
('press', 1.5992634463593491)
('abus', 1.5992634463593491)
('constructiv', 1.5992634463593491)
('perus', 1.5992634463593491)
('reba', 1.5992634463593491)
('threatmet', 1.5992634463593491)
('swear', 1.5992634463593491)
('esri', 1.5992634463593491)
('reduc', 1.5992634463593491)
('nasogastr', 1.5992634463593491)
('vygon', 1.5992634463593491)
('ltd', 1.5992634463593491)
('bangl', 1.5992634463593491)
('trai', 1.5992634463593491)
('concept', 1.599214704748688)
('higher', 1.599214704748688)
('import', 1.599214704748688)
('augment', 1.5967198298406613)
('materi', 1.5967198298406613)
('knowledg', 1.5815707239437795)
('niel', 1.5799026204284892)
('mast', 1.5799026204284892)
('flood', 1.5799026204284892)
('asthm', 1.5799026204284892)
('wco', 1.5799026204284892)
('im', 1.5799026204284892)
('joi', 1.5799026204284892)
('taiwan', 1.5799026204284892)
('baker', 1.5799026204284892)
('nova', 1.5799026204284892)
('pd', 1.5799026204284892)
('cryptocu', 1.57333922220502)
('main', 1.57333922220502)
('epilepsi', 1.57333922220502)
('inv', 1.57333922220502)
('googl', 1.5730574996015227)
('two', 1.57289228488958)
('friend', 1.57289228488958)
('maker', 1.57289228488958)
('got', 1.57289228488958)
('busi', 1.5721434839385642)
('aw', 1.566341010066476)
('provid', 1.5547042405405138)
('ireland', 1.5511394406421726)
('safeti', 1.5511394406421726)
('money', 1.5511394406421726)
('togeth', 1.5511394406421726)
('challeng', 1.5488043815073802)
('video', 1.5469185828333203)
('score', 1.5328233206952524)
('seriou', 1.5311287637237885)
('julia', 1.5311287637237885)
('lm', 1.5306456863375675)
('calcul', 1.5181704247377164)
('water', 1.5181704247377164)
('least', 1.5181704247377164)
('techteach', 1.5181704247377164)
('shift', 1.5181704247377164)
('boldschool', 1.5181704247377164)
('vet', 1.5181704247377164)
('ole', 1.5181704247377164)
('danger', 1.5181704247377164)
('tabl', 1.5181704247377164)
('welcom', 1.5181704247377164)
('smartneighborhood', 1.5181704247377164)
('waterfront', 1.5181704247377164)
('insur', 1.5181704247377164)
('harken', 1.5181704247377164)
('battcar', 1.5181704247377164)
('est', 1.5181704247377164)
('asthma', 1.5181704247377164)
('digitalhealth', 1.5181704247377164)
('ebola', 1.5181704247377164)
('loop', 1.5181704247377164)
('headach', 1.5181704247377164)
('trade', 1.5181704247377164)
('revolut', 1.5181704247377164)
('colleg', 1.512601770685358)
('vid', 1.512601770685358)
('panel', 1.512601770685358)
('day', 1.5097594943417336)
('microlearn', 1.4985676140669728)
('structur', 1.4985676140669728)
('javascript', 1.4953535528136201)
('hope', 1.4953535528136201)
('agre', 1.4953535528136201)
('talent', 1.4953535528136201)
('staff', 1.4953535528136201)
('quot', 1.4953535528136201)
('stem', 1.4949239309885747)
('today', 1.485119302586477)
('creativ', 1.4792189225292274)
('involv', 1.4792189225292274)
('posit', 1.4688939712615232)
('bad', 1.4688939712615232)
('flippedlearn', 1.4688939712615232)
('mentor', 1.4688939712615232)
('reason', 1.4640627670751187)
('copi', 1.4640627670751187)
('see', 1.4617997730508403)
('brows', 1.46063401024736)
('legaci', 1.46063401024736)
('com', 1.46063401024736)
('switch', 1.46063401024736)
('html', 1.46063401024736)
('contain', 1.46063401024736)
('webcast', 1.46063401024736)
('definit', 1.46063401024736)
('thrive', 1.46063401024736)
('ethic', 1.46063401024736)
('digest', 1.46063401024736)
('law', 1.46063401024736)
('presid', 1.46063401024736)
('gloo', 1.46063401024736)
('cryptocurr', 1.4588415639715944)
('voiceov', 1.4588415639715944)
('compani', 1.4573254329401266)
('siu', 1.453875860326681)
('grea', 1.453875860326681)
('mous', 1.453875860326681)
('ten', 1.453875860326681)
('coin', 1.453875860326681)
('traffic', 1.453875860326681)
('ident', 1.453875860326681)
('hotel', 1.453875860326681)
('seller', 1.453875860326681)
('inspir', 1.4529103573567863)
('academi', 1.4497731636151314)
('understand', 1.4497731636151314)
('sure', 1.4497731636151314)
