('nail', 3.52684821275989)
('ctr', 3.1741633914839014)
('formal', 3.1038262706356314)
('photographi', 3.011977348240636)
('pct', 3.011977348240636)
('in', 2.8761852197565663)
('grad', 2.8761852197565663)
('yesphx', 2.8761852197565663)
('independ', 2.8761852197565663)
('xavpd', 2.8761852197565663)
('edmodo', 2.8761852197565663)
('seven', 2.8761852197565663)
('bethereorbesquar', 2.8761852197565663)
('fincyt', 2.8761852197565663)
('skill', 2.7984925736175894)
('edu', 2.673058204085754)
('anatomi', 2.645136159569917)
('compulsori', 2.645136159569917)
('lens', 2.645136159569917)
('affili', 2.619645647035945)
('bugtraq', 2.530388226510261)
('concret', 2.509981123533863)
('everyday', 2.509981123533863)
('formallearn', 2.4653016169341995)
('react', 2.4653016169341995)
('redux', 2.4653016169341995)
('fieldbu', 2.4653016169341995)
('flipgrid', 2.4653016169341995)
('powerpoint', 2.4653016169341995)
('trip', 2.414087099383269)
('pilot', 2.414087099383269)
('literaci', 2.414087099383269)
('bee', 2.3532424525280997)
('sap', 2.3532424525280997)
('stat', 2.339705915611866)
('servic', 2.329131872858788)
('altairvr', 2.2789320633472143)
('fact', 2.2789320633472143)
('blow', 2.2789320633472143)
('hapara', 2.2672595653456433)
('singapor', 2.2672595653456433)
('clou', 2.2589830111804767)
('cust', 2.2589830111804767)
('data', 2.2427104664390827)
('mooc', 2.23361328861851)
('mlearn', 2.23361328861851)
('succeed', 2.227548503404795)
('stuff', 2.227548503404795)
('visual', 2.227548503404795)
('kudo', 2.227548503404795)
('nurs', 2.183038039196621)
('simul', 2.183038039196621)
('geek', 2.183038039196621)
('spanish', 2.183038039196621)
('scale', 2.183038039196621)
('traxionico', 2.183038039196621)
('ipad', 2.1732533682050557)
('traxion', 2.159655952968798)
('eye', 2.1571389148174247)
('altair', 2.1571389148174247)
('practition', 2.1571389148174247)
('salesenabl', 2.1571389148174247)
('flower', 2.1571389148174247)
('icoinvest', 2.1571389148174247)
('throw', 2.1571389148174247)
('east', 2.1571389148174247)
('coast', 2.1571389148174247)
('vr2learn', 2.1571389148174247)
('lifesci', 2.1571389148174247)
('medtech', 2.1571389148174247)
('akoalway', 2.1571389148174247)
('pedag', 2.1571389148174247)
('som', 2.1571389148174247)
('teachingtool', 2.1571389148174247)
('vmware', 2.1571389148174247)
('takeout', 2.1571389148174247)
('disc', 2.1571389148174247)
('healthcaretrain', 2.1571389148174247)
('rfp', 2.1571389148174247)
('allianc', 2.1571389148174247)
('axon', 2.1571389148174247)
('exemplif', 2.1571389148174247)
('kotlin', 2.1571389148174247)
('botan', 2.1571389148174247)
('garden', 2.1571389148174247)
('memo', 2.1571389148174247)
('resouc', 2.1571389148174247)
('unlocktheedtechbox', 2.1571389148174247)
('ict', 2.1571389148174247)
('sa', 2.1571389148174247)
('ultrasound', 2.1571389148174247)
('radiographi', 2.1571389148174247)
('radiolog', 2.1571389148174247)
('apprenticeship', 2.1571389148174247)
('resolut', 2.1571389148174247)
('aa', 2.1571389148174247)
('duolingo', 2.1571389148174247)
('genderequ', 2.1571389148174247)
('corporaterespons', 2.1571389148174247)
('ob', 2.1571389148174247)
('lea', 2.1518189630150752)
('complianc', 2.1437770273111596)
('podcast', 2.1437770273111596)
('skillshar', 2.1437770273111596)
('voic', 2.1123087696433904)
('util', 2.108656855425217)
('earn', 2.108656855425217)
('vlog', 2.0692175137570876)
('tra', 2.0692175137570876)
('golf', 2.0692175137570876)
('parent', 2.052819239121287)
('book', 2.0478891675255597)
('cool', 2.0478830031605657)
('udemi', 2.0478830031605657)
('elear', 2.0212021006027205)
('prep', 2.0212021006027205)
('hack', 2.005462213381599)
('syss', 1.9964994432181467)
('ilia', 1.9964994432181467)
('per', 1.9912051521391614)
('compar', 1.9838521196774381)
('eoy', 1.9838521196774381)
('air', 1.9838521196774381)
('satchat', 1.9838521196774381)
('essay', 1.9838521196774381)
('dissert', 1.9838521196774381)
('reconsid', 1.9838521196774381)
('baltimor', 1.9838521196774381)
('fad', 1.9838521196774381)
('cndidat', 1.9838521196774381)
('thx', 1.9838521196774381)
('altedchat', 1.9838521196774381)
('captiv', 1.9838521196774381)
('achiev', 1.9735018193891627)
('flip', 1.9735018193891627)
('keep', 1.9735018193891627)
('distribut', 1.953370340011898)
('distanc', 1.953370340011898)
('ico', 1.9317807717378273)
('adult', 1.9317807717378273)
('reflect', 1.9317807717378273)
('app', 1.922323256947785)
('pneumat', 1.917456813171044)
('gift', 1.917456813171044)
('huntsvil', 1.917456813171044)
('dna', 1.917456813171044)
('math', 1.912727967124511)
('record', 1.8947055600344191)
('instructionaldesign', 1.8947055600344191)
('xapi', 1.8824858426503972)
('blackboard', 1.8824858426503972)
('acuedu_p', 1.8824858426503972)
('librarian', 1.8824858426503972)
('upgrad', 1.8824858426503972)
('alongsid', 1.8824858426503972)
('graphic', 1.8824858426503972)
('gradual', 1.8824858426503972)
('blood', 1.8824858426503972)
('rock', 1.8824858426503972)
('w2wzyt8zm5', 1.8824858426503972)
('smallb', 1.8824858426503972)
('miyen', 1.8824858426503972)
('onboard', 1.8824858426503972)
('artic', 1.8824858426503972)
('recommend', 1.8824858426503972)
('basic', 1.877607795238569)
('assess', 1.877607795238569)
('rememb', 1.877607795238569)
('des2018', 1.877607795238569)
('monday', 1.8613444071820917)
('morn', 1.8613444071820917)
('ele', 1.8375231662667082)
('drive', 1.8136844388190392)
('bri', 1.8105653245374518)
('spark', 1.8105653245374518)
('healthcarecompli', 1.8105653245374518)
('homework', 1.8105653245374518)
('kfc', 1.8105653245374518)
('composit', 1.8105653245374518)
('appreci', 1.8105653245374518)
('curat', 1.8074201617930434)
('end', 1.7775729310884563)
('would', 1.7775729310884563)
('wtt', 1.763424106379945)
('ppl', 1.763424106379945)
('sy', 1.763424106379945)
('reg', 1.763424106379945)
('udemyd', 1.7547794367088994)
('acquir', 1.7539993859818577)
('search', 1.7537532764277413)
('mind', 1.7537532764277413)
('robot', 1.741789092425495)
('tri', 1.7315228182615172)
('infograph', 1.7315228182615172)
('croatian', 1.7257111318539398)
('zte', 1.7257111318539398)
('sear', 1.7257111318539398)
('curios', 1.7257111318539398)
('worldchampionchessprogramcalledstockfish', 1.7257111318539398)
('walmart_', 1.7257111318539398)
('_ranking_expert_at_her', 1.7257111318539398)
('gmail', 1.7257111318539398)
('smal', 1.7257111318539398)
('readingwithatwist', 1.7257111318539398)
('teamenglish', 1.7257111318539398)
('tide', 1.7257111318539398)
('medium', 1.7257111318539398)
('ghent', 1.7257111318539398)
('dyno', 1.7257111318539398)
('clearboard', 1.7257111318539398)
('ice', 1.7257111318539398)
('capi', 1.7257111318539398)
('rhode', 1.7257111318539398)
('island', 1.7257111318539398)
('coven', 1.7257111318539398)
('helloworld', 1.7257111318539398)
('april', 1.7257111318539398)
('lincchat', 1.7257111318539398)
('wemark', 1.7257111318539398)
('stockphotographi', 1.7257111318539398)
('disturb', 1.7257111318539398)
('compliancetrain', 1.7257111318539398)
('outsour', 1.7257111318539398)
('offtheshelf', 1.7257111318539398)
('trainingexpert', 1.7257111318539398)
('matin', 1.7257111318539398)
('sorti', 1.7257111318539398)
('stc18', 1.7257111318539398)
('publicschool', 1.7257111318539398)
('auspol', 1.7257111318539398)
('holist', 1.7257111318539398)
('arm', 1.7257111318539398)
('nearsighted', 1.7257111318539398)
('defens', 1.7257111318539398)
('nwl', 1.7257111318539398)
('sltchat', 1.7257111318539398)
('password', 1.7257111318539398)
('item', 1.7257111318539398)
('ladi', 1.7257111318539398)
('bro', 1.7257111318539398)
('persuas', 1.7257111318539398)
('ecm', 1.7257111318539398)
('crushit', 1.7257111318539398)
('loo', 1.7257111318539398)
('on', 1.7257111318539398)
('attitud', 1.7257111318539398)
('womenwithwit', 1.7257111318539398)
('cyberh', 1.7257111318539398)
('troll', 1.7257111318539398)
('mess', 1.7257111318539398)
('matter', 1.7257111318539398)
('emocion', 1.7257111318539398)
('duelo', 1.7257111318539398)
('mashup', 1.7257111318539398)
('libchat', 1.7257111318539398)
('advis', 1.7257111318539398)
('4t2018', 1.7257111318539398)
('blend', 1.7233860544888064)
('scienc', 1.7209399188233239)
('click', 1.7112852370441256)
('anoth', 1.7106826992677393)
('level', 1.7106826992677393)
('kit', 1.7091990475104109)
('winner', 1.7091990475104109)
('element', 1.7091990475104109)
('whitepap', 1.7091990475104109)
('leader', 1.7007317115511786)
('someon', 1.6915729880478536)
('code', 1.6816789069378626)
('lynn', 1.6733207490225752)
('slid', 1.6733207490225752)
('shoppabl', 1.6733207490225752)
('comp', 1.6733207490225752)
('sci', 1.6733207490225752)
('grid', 1.6706613775535961)
('mainten', 1.6706613775535961)
('chatbot', 1.6706613775535961)
('adob', 1.6706613775535961)
('lead', 1.6636564998477708)
('gamif', 1.6636564998477708)
('avail', 1.6636564998477708)
('inform', 1.6636564998477708)
('design', 1.6497566426392152)
('mike', 1.6372785293974657)
('freerick', 1.6372785293974657)
('cryp', 1.6372785293974657)
('bootcamp', 1.6372785293974657)
('autom', 1.6372785293974657)
('altern', 1.6372785293974657)
('awar', 1.6372785293974657)
('mentalhealth', 1.6372785293974657)
('existenti', 1.6372785293974657)
('hrtech', 1.6372785293974657)
('volunt', 1.6372785293974657)
('weekli', 1.6372785293974657)
('make', 1.6321174687134261)
('summer', 1.622451847858712)
('millenni', 1.609391399588846)
('pass', 1.609391399588846)
('injector', 1.609391399588846)
('icc', 1.609391399588846)
('minecraft', 1.609391399588846)
('educacin', 1.6078327704833697)
('instal', 1.6078327704833697)
('edch', 1.6078327704833697)
('privaci', 1.6078327704833697)
('news', 1.5999714209268676)
('floor', 1.5870816957419507)
('chosen', 1.5870816957419507)
('cha', 1.5870816957419507)
('breath', 1.5870816957419507)
('properli', 1.5870816957419507)
('mieexpert', 1.5870816957419507)
('rehab', 1.5870816957419507)
('unfortun', 1.5870816957419507)
('joomlalm', 1.5870816957419507)
('redessocial', 1.5870816957419507)
('summari', 1.5870816957419507)
('learningsolut', 1.5870816957419507)
('takeaway', 1.5870816957419507)
('tcp', 1.5870816957419507)
('frontier', 1.5870816957419507)
('press', 1.5870816957419507)
('abus', 1.5870816957419507)
('constructiv', 1.5870816957419507)
('perus', 1.5870816957419507)
('reba', 1.5870816957419507)
('threatmet', 1.5870816957419507)
('swear', 1.5870816957419507)
('esri', 1.5870816957419507)
('reduc', 1.5870816957419507)
('nasogastr', 1.5870816957419507)
('vygon', 1.5870816957419507)
('ltd', 1.5870816957419507)
('bangl', 1.5870816957419507)
('trai', 1.5870816957419507)
('mobil', 1.5821466302603948)
('augment', 1.581492641568913)
('materi', 1.581492641568913)
('concept', 1.5789117870530238)
('higher', 1.5789117870530238)
('import', 1.5789117870530238)
('niel', 1.5688283016853999)
('mast', 1.5688283016853999)
('flood', 1.5688283016853999)
('asthm', 1.5688283016853999)
('wco', 1.5688283016853999)
('im', 1.5688283016853999)
('joi', 1.5688283016853999)
('taiwan', 1.5688283016853999)
('baker', 1.5688283016853999)
('nova', 1.5688283016853999)
('pd', 1.5688283016853999)
('knowledg', 1.5649592458291453)
('cryptocu', 1.5598039437412439)
('main', 1.5598039437412439)
('epilepsi', 1.5598039437412439)
('inv', 1.5598039437412439)
('two', 1.5576650966178318)
('friend', 1.5576650966178318)
('tweet', 1.5576650966178318)
('maker', 1.5576650966178318)
('got', 1.5576650966178318)
('googl', 1.5527545819058588)
('aw', 1.544192372580297)
('ireland', 1.5359122523704245)
('safeti', 1.5359122523704245)
('money', 1.5359122523704245)
('togeth', 1.5359122523704245)
('provid', 1.5344013228448496)
('challeng', 1.5285014638117158)
('video', 1.5240778004256983)
('score', 1.5192880422314763)
('seriou', 1.5159015754520404)
('julia', 1.5159015754520404)
('lm', 1.5132431854555697)
('calcul', 1.505988674120318)
('water', 1.505988674120318)
('least', 1.505988674120318)
('techteach', 1.505988674120318)
('shift', 1.505988674120318)
('boldschool', 1.505988674120318)
('vet', 1.505988674120318)
('ole', 1.505988674120318)
('danger', 1.505988674120318)
('tabl', 1.505988674120318)
('welcom', 1.505988674120318)
('smartneighborhood', 1.505988674120318)
('waterfront', 1.505988674120318)
('insur', 1.505988674120318)
('harken', 1.505988674120318)
('battcar', 1.505988674120318)
('est', 1.505988674120318)
('asthma', 1.505988674120318)
('digitalhealth', 1.505988674120318)
('ebola', 1.505988674120318)
('loop', 1.505988674120318)
('headach', 1.505988674120318)
('trade', 1.505988674120318)
('revolut', 1.505988674120318)
('colleg', 1.49737458241361)
('vid', 1.49737458241361)
('panel', 1.49737458241361)
('workshop', 1.49737458241361)
('day', 1.4869187119341116)
('microlearn', 1.4850323356031965)
('structur', 1.4850323356031965)
('javascript', 1.480126364541872)
('hope', 1.480126364541872)
('agre', 1.480126364541872)
('talent', 1.480126364541872)
('staff', 1.480126364541872)
('quot', 1.480126364541872)
('good', 1.479633639081091)
('stem', 1.4746210132929107)
('amaz', 1.4696826513645305)
('today', 1.464816384890813)
('creativ', 1.4639917342574793)
('involv', 1.4639917342574793)
('posit', 1.455358692797747)
('bad', 1.455358692797747)
('flippedlearn', 1.455358692797747)
('mentor', 1.455358692797747)
('reason', 1.4488355788033704)
('copi', 1.4488355788033704)
('brows', 1.4484522596299616)
('legaci', 1.4484522596299616)
('com', 1.4484522596299616)
('switch', 1.4484522596299616)
('html', 1.4484522596299616)
('contain', 1.4484522596299616)
('webcast', 1.4484522596299616)
('definit', 1.4484522596299616)
('thrive', 1.4484522596299616)
('ethic', 1.4484522596299616)
('digest', 1.4484522596299616)
('law', 1.4484522596299616)
('presid', 1.4484522596299616)
('gloo', 1.4484522596299616)
('siu', 1.4428015415835913)
('grea', 1.4428015415835913)
('mous', 1.4428015415835913)
('ten', 1.4428015415835913)
('coin', 1.4428015415835913)
('traffic', 1.4428015415835913)
('ident', 1.4428015415835913)
('hotel', 1.4428015415835913)
('seller', 1.4428015415835913)
('see', 1.4414968553551761)
('cryptocurr', 1.4414390630895966)
('voiceov', 1.4414390630895966)
('squar', 1.4380926098782831)
('algebra', 1.4380926098782831)
('distant', 1.4380926098782831)
('pedagogu', 1.4380926098782831)
('concern', 1.4380926098782831)
('nuclea', 1.4380926098782831)
('sapradio', 1.4380926098782831)
('saphana', 1.4380926098782831)
('journal', 1.4380926098782831)
('developm', 1.4380926098782831)
('leadershipdevelop', 1.4380926098782831)
('onlineteach', 1.4380926098782831)
('toilet', 1.4380926098782831)
('frontend', 1.4380926098782831)
('succeedinbusi', 1.4380926098782831)
('virtualassistanttip', 1.4380926098782831)
('api', 1.4380926098782831)
('digi', 1.4380926098782831)
('bot', 1.4380926098782831)
('h1b', 1.4380926098782831)
('labor', 1.4380926098782831)
('indiana', 1.4380926098782831)
('sagecrowd', 1.4380926098782831)
('mentalhealthawarenessweek', 1.4380926098782831)
('illuminark', 1.4380926098782831)
('tidbit', 1.4380926098782831)
('somewher', 1.4380926098782831)
('worktrend', 1.4380926098782831)
('shame', 1.4380926098782831)
('xxi', 1.4380926098782831)
('tic', 1.4380926098782831)
('cedarrapidscsd', 1.4380926098782831)
('fluent', 1.4380926098782831)
('cider', 1.4380926098782831)
('pythononlinux', 1.4380926098782831)
('pythonjavascript', 1.4380926098782831)
('ear', 1.4380926098782831)
('learningtheori', 1.4380926098782831)
('missil', 1.4380926098782831)
('compet', 1.4380926098782831)
('getital', 1.4380926098782831)
('tight', 1.4380926098782831)
('ink', 1.4380926098782831)
('adaptivelearn', 1.4380926098782831)
('ike', 1.4380926098782831)
('supportnet', 1.4380926098782831)
('technabob', 1.4380926098782831)
('bulletin', 1.4380926098782831)
('middleburi', 1.4380926098782831)
